<?xml version="1.0" encoding="UTF-8"?>
<!-- Generated by org.testng.reporters.JUnitReportReporter -->
<testsuite skipped="0" hostname="BBL33M3K72" name="qa.parkland.test.Registrationpage_Test" tests="1" failures="0" timestamp="30 Apr 2019 09:20:35 GMT" time="30.071" errors="0">
  <testcase name="registration_form" time="30.071" classname="qa.parkland.test.Registrationpage_Test"/>
</testsuite> <!-- qa.parkland.test.Registrationpage_Test -->
