<?xml version="1.0" encoding="UTF-8"?>
<!-- Generated by org.testng.reporters.JUnitReportReporter -->
<testsuite skipped="0" hostname="BBL33M3K72" name="qa.parkland.test.Loginpage_Test" tests="3" failures="0" timestamp="27 Apr 2019 11:07:23 GMT" time="66.981" errors="0">
  <testcase name="user_validation" time="26.425" classname="qa.parkland.test.Loginpage_Test"/>
  <testcase name="login_Test" time="18.394" classname="qa.parkland.test.Loginpage_Test"/>
  <testcase name="dashboard_Validation" time="22.162" classname="qa.parkland.test.Loginpage_Test"/>
</testsuite> <!-- qa.parkland.test.Loginpage_Test -->
