<?xml version="1.0" encoding="UTF-8"?>
<!-- Generated by org.testng.reporters.JUnitReportReporter -->
<testsuite skipped="0" hostname="BBL33M3K72" name="qa.justeat.test.Homepage_Test2" tests="2" failures="0" timestamp="20 Jun 2019 23:33:08 GMT" time="26.029" errors="0">
  <testcase name="verfify_landing_page" time="9.818" classname="qa.justeat.test.Homepage_Test2"/>
  <testcase name="search_by_postCode" time="16.211" classname="qa.justeat.test.Homepage_Test2"/>
</testsuite> <!-- qa.justeat.test.Homepage_Test2 -->
