<?xml version="1.0" encoding="UTF-8"?>
<!-- Generated by org.testng.reporters.JUnitReportReporter -->
<testsuite skipped="0" hostname="BBL33M3K72" name="BondQA.Parkland.Test1" tests="2" failures="0" timestamp="15 Feb 2019 01:39:11 GMT" time="18.068" errors="0">
  <testcase name="test2" time="7.117" classname="BondQA.Parkland.Test1"/>
  <testcase name="test1" time="10.951" classname="BondQA.Parkland.Test1"/>
</testsuite> <!-- BondQA.Parkland.Test1 -->
