<?xml version="1.0" encoding="UTF-8"?>
<!-- Generated by org.testng.reporters.JUnitReportReporter -->
<testsuite skipped="0" hostname="BBL33M3K72" name="qa.parkland.test.UserProfile_Test" tests="3" failures="0" timestamp="12 May 2019 10:46:47 GMT" time="70.451" errors="0">
  <testcase name="verifyTitle" time="25.842" classname="qa.parkland.test.UserProfile_Test"/>
  <testcase name="verify_cardnumber" time="23.317" classname="qa.parkland.test.UserProfile_Test"/>
  <testcase name="verify_pointsValue" time="21.292" classname="qa.parkland.test.UserProfile_Test"/>
</testsuite> <!-- qa.parkland.test.UserProfile_Test -->
