<?xml version="1.0" encoding="UTF-8"?>
<!-- Generated by org.testng.reporters.JUnitReportReporter -->
<testsuite skipped="0" hostname="BBL33M3K72" name="qa.parkland.test.AccountHistory_Test" tests="4" failures="0" timestamp="07 May 2019 11:35:29 GMT" time="112.288" errors="0">
  <testcase name="verifyTitle" time="24.991" classname="qa.parkland.test.AccountHistory_Test"/>
  <testcase name="currentPoints" time="36.685" classname="qa.parkland.test.AccountHistory_Test"/>
  <testcase name="transactionMissing" time="26.122" classname="qa.parkland.test.AccountHistory_Test"/>
  <testcase name="transactionColumn" time="24.490" classname="qa.parkland.test.AccountHistory_Test"/>
</testsuite> <!-- qa.parkland.test.AccountHistory_Test -->
