<?xml version="1.0" encoding="UTF-8"?>
<!-- Generated by org.testng.reporters.JUnitReportReporter -->
<testsuite skipped="0" hostname="BBL33M3K72" name="BondQA.Parkland.Registrationpage_Test" tests="1" failures="0" timestamp="21 Apr 2019 03:45:17 GMT" time="36.741" errors="0">
  <testcase name="registration_form" time="36.741" classname="BondQA.Parkland.Registrationpage_Test"/>
</testsuite> <!-- BondQA.Parkland.Registrationpage_Test -->
