<?xml version="1.0" encoding="UTF-8"?>
<!-- Generated by org.testng.reporters.JUnitReportReporter -->
<testsuite skipped="0" hostname="BBL33M3K72" name="BondQA.Parkland.Homepage_Test" tests="2" failures="0" timestamp="18 Mar 2019 21:03:57 GMT" time="30.992" errors="0">
  <testcase name="links" time="8.821" classname="BondQA.Parkland.Homepage_Test"/>
  <testcase name="register" time="22.171" classname="BondQA.Parkland.Homepage_Test"/>
</testsuite> <!-- BondQA.Parkland.Homepage_Test -->
